<?xml version="1.0" encoding="utf-8"?><testsuites><testsuite name="pytest" errors="0" failures="0" skipped="0" tests="5" time="86.526" timestamp="2023-04-09T22:48:47.901887" hostname="THANIGAIVEL"><testcase classname="test_e2e.Test_E2E" name="test_e2e" time="47.318" /><testcase classname="test_homepage.TestHomePage" name="test_formSubmissiontupple[getData0]" time="14.254" /><testcase classname="test_homepage.TestHomePage" name="test_formSubmissiontupple[getData1]" time="7.904" /><testcase classname="test_homepage.TestHomePage" name="test_formSubmissiondict[getDataDict0]" time="7.045" /><testcase classname="test_homepage.TestHomePage" name="test_formSubmissiondict[getDataDict1]" time="9.445" /></testsuite></testsuites>